Base path: C:/Program Files (x86)/Unity/Editor/Data
Pipe name: \\.\pipe\UnityShaderCompiler-1-10720
Cmd: getPlatforms
Cmd: compileSnippet
  api=5 type=0 insize=4441 outsize=1463 kw= ok=1
Cmd: compileSnippet
  api=5 type=1 insize=4441 outsize=6 kw= ok=1
Cmd: compileSnippet
  api=5 type=0 insize=4446 outsize=2364 kw= ok=1
Cmd: compileSnippet
  api=5 type=1 insize=4446 outsize=6 kw= ok=1
Cmd: compileSnippet
  api=5 type=0 insize=4447 outsize=2364 kw= ok=1
Cmd: compileSnippet
  api=5 type=1 insize=4447 outsize=6 kw= ok=1
Cmd: compileSnippet
  api=5 type=0 insize=4451 outsize=2446 kw= ok=1
Cmd: compileSnippet
  api=5 type=1 insize=4451 outsize=6 kw= ok=1
Cmd: compileSnippet
  api=5 type=0 insize=4452 outsize=2360 kw= ok=1
Cmd: compileSnippet
  api=5 type=1 insize=4452 outsize=6 kw= ok=1
